This is pdfTeX, Version 3.14159265-2.6-1.40.19 (MiKTeX 2.9.6840 64-bit) (preloaded format=pdflatex 2018.9.20)  18 MAR 2020 10:20
entering extended mode
**./Lists.tex
(Lists.tex
LaTeX2e <2018-04-01> patch level 5

("C:\Users\MarEichler17\AppData\Local\Programs\MiKTeX 2.9\tex\latex\base\articl
e.cls"
Document Class: article 2014/09/29 v1.4h Standard LaTeX document class

("C:\Users\MarEichler17\AppData\Local\Programs\MiKTeX 2.9\tex\latex\base\size12
.clo"
File: size12.clo 2014/09/29 v1.4h Standard LaTeX file (size option)
)
\c@part=\count80
\c@section=\count81
\c@subsection=\count82
\c@subsubsection=\count83
\c@paragraph=\count84
\c@subparagraph=\count85
\c@figure=\count86
\c@table=\count87
\abovecaptionskip=\skip41
\belowcaptionskip=\skip42
\bibindent=\dimen102
)
(C:/Users/MarEichler17/Documents/MYE-Documents/Coding/TeX/preamble-general.tex
("C:\Users\MarEichler17\AppData\Local\Programs\MiKTeX 2.9\tex\latex\base\inpute
nc.sty"
Package: inputenc 2018/04/06 v1.3b Input encoding file
\inpenc@prehook=\toks14
\inpenc@posthook=\toks15
)
("C:\Users\MarEichler17\AppData\Local\Programs\MiKTeX 2.9\tex\latex\fancyhdr\fa
ncyhdr.sty"
Package: fancyhdr 2017/06/30 v3.9a Extensive control of page headers and footer
s
\f@nch@headwidth=\skip43
\f@nch@O@elh=\skip44
\f@nch@O@erh=\skip45
\f@nch@O@olh=\skip46
\f@nch@O@orh=\skip47
\f@nch@O@elf=\skip48
\f@nch@O@erf=\skip49
\f@nch@O@olf=\skip50
\f@nch@O@orf=\skip51
)
("C:\Users\MarEichler17\AppData\Local\Programs\MiKTeX 2.9\tex\latex\titlesec\ti
tlesec.sty"
Package: titlesec 2016/03/21 v2.10.2 Sectioning titles
\ttl@box=\box26
\beforetitleunit=\skip52
\aftertitleunit=\skip53
\ttl@plus=\dimen103
\ttl@minus=\dimen104
\ttl@toksa=\toks16
\titlewidth=\dimen105
\titlewidthlast=\dimen106
\titlewidthfirst=\dimen107
)
("C:\Users\MarEichler17\AppData\Local\Programs\MiKTeX 2.9\tex\latex\geometry\ge
ometry.sty"
Package: geometry 2018/04/16 v5.8 Page Geometry

("C:\Users\MarEichler17\AppData\Local\Programs\MiKTeX 2.9\tex\latex\graphics\ke
yval.sty"
Package: keyval 2014/10/28 v1.15 key=value parser (DPC)
\KV@toks@=\toks17
)
("C:\Users\MarEichler17\AppData\Local\Programs\MiKTeX 2.9\tex\generic\oberdiek\
ifpdf.sty"
Package: ifpdf 2018/09/07 v3.3 Provides the ifpdf switch
)
("C:\Users\MarEichler17\AppData\Local\Programs\MiKTeX 2.9\tex\generic\oberdiek\
ifvtex.sty"
Package: ifvtex 2016/05/16 v1.6 Detect VTeX and its facilities (HO)
Package ifvtex Info: VTeX not detected.
)
("C:\Users\MarEichler17\AppData\Local\Programs\MiKTeX 2.9\tex\generic\ifxetex\i
fxetex.sty"
Package: ifxetex 2010/09/12 v0.6 Provides ifxetex conditional
)
\Gm@cnth=\count88
\Gm@cntv=\count89
\c@Gm@tempcnt=\count90
\Gm@bindingoffset=\dimen108
\Gm@wd@mp=\dimen109
\Gm@odd@mp=\dimen110
\Gm@even@mp=\dimen111
\Gm@layoutwidth=\dimen112
\Gm@layoutheight=\dimen113
\Gm@layouthoffset=\dimen114
\Gm@layoutvoffset=\dimen115
\Gm@dimlist=\toks18

("C:\Users\MarEichler17\AppData\Local\Programs\MiKTeX 2.9\tex\latex\geometry\ge
ometry.cfg"))
("C:\Users\MarEichler17\AppData\Local\Programs\MiKTeX 2.9\tex\latex\mathtools\m
athtools.sty"
Package: mathtools 2018/01/08 v1.21 mathematical typesetting tools

("C:\Users\MarEichler17\AppData\Local\Programs\MiKTeX 2.9\tex\latex\tools\calc.
sty"
Package: calc 2017/05/25 v4.3 Infix arithmetic (KKT,FJ)
\calc@Acount=\count91
\calc@Bcount=\count92
\calc@Adimen=\dimen116
\calc@Bdimen=\dimen117
\calc@Askip=\skip54
\calc@Bskip=\skip55
LaTeX Info: Redefining \setlength on input line 80.
LaTeX Info: Redefining \addtolength on input line 81.
\calc@Ccount=\count93
\calc@Cskip=\skip56
)
("C:\Users\MarEichler17\AppData\Local\Programs\MiKTeX 2.9\tex\latex\mathtools\m
hsetup.sty"
Package: mhsetup 2017/03/31 v1.3 programming setup (MH)
)
("C:\Users\MarEichler17\AppData\Local\Programs\MiKTeX 2.9\tex\latex\amsmath\ams
math.sty"
Package: amsmath 2017/09/02 v2.17a AMS math features
\@mathmargin=\skip57

For additional information on amsmath, use the `?' option.

("C:\Users\MarEichler17\AppData\Local\Programs\MiKTeX 2.9\tex\latex\amsmath\ams
text.sty"
Package: amstext 2000/06/29 v2.01 AMS text

("C:\Users\MarEichler17\AppData\Local\Programs\MiKTeX 2.9\tex\latex\amsmath\ams
gen.sty"
File: amsgen.sty 1999/11/30 v2.0 generic functions
\@emptytoks=\toks19
\ex@=\dimen118
))
("C:\Users\MarEichler17\AppData\Local\Programs\MiKTeX 2.9\tex\latex\amsmath\ams
bsy.sty"
Package: amsbsy 1999/11/29 v1.2d Bold Symbols
\pmbraise@=\dimen119
)
("C:\Users\MarEichler17\AppData\Local\Programs\MiKTeX 2.9\tex\latex\amsmath\ams
opn.sty"
Package: amsopn 2016/03/08 v2.02 operator names
)
\inf@bad=\count94
LaTeX Info: Redefining \frac on input line 213.
\uproot@=\count95
\leftroot@=\count96
LaTeX Info: Redefining \overline on input line 375.
\classnum@=\count97
\DOTSCASE@=\count98
LaTeX Info: Redefining \ldots on input line 472.
LaTeX Info: Redefining \dots on input line 475.
LaTeX Info: Redefining \cdots on input line 596.
\Mathstrutbox@=\box27
\strutbox@=\box28
\big@size=\dimen120
LaTeX Font Info:    Redeclaring font encoding OML on input line 712.
LaTeX Font Info:    Redeclaring font encoding OMS on input line 713.
\macc@depth=\count99
\c@MaxMatrixCols=\count100
\dotsspace@=\muskip10
\c@parentequation=\count101
\dspbrk@lvl=\count102
\tag@help=\toks20
\row@=\count103
\column@=\count104
\maxfields@=\count105
\andhelp@=\toks21
\eqnshift@=\dimen121
\alignsep@=\dimen122
\tagshift@=\dimen123
\tagwidth@=\dimen124
\totwidth@=\dimen125
\lineht@=\dimen126
\@envbody=\toks22
\multlinegap=\skip58
\multlinetaggap=\skip59
\mathdisplay@stack=\toks23
LaTeX Info: Redefining \[ on input line 2817.
LaTeX Info: Redefining \] on input line 2818.
)
LaTeX Info: Thecontrolsequence`\('isalreadyrobust on input line 129.
LaTeX Info: Thecontrolsequence`\)'isalreadyrobust on input line 129.
LaTeX Info: Thecontrolsequence`\['isalreadyrobust on input line 129.
LaTeX Info: Thecontrolsequence`\]'isalreadyrobust on input line 129.
\g_MT_multlinerow_int=\count106
\l_MT_multwidth_dim=\dimen127
\origjot=\skip60
\l_MT_shortvdotswithinadjustabove_dim=\dimen128
\l_MT_shortvdotswithinadjustbelow_dim=\dimen129
\l_MT_above_intertext_sep=\dimen130
\l_MT_below_intertext_sep=\dimen131
\l_MT_above_shortintertext_sep=\dimen132
\l_MT_below_shortintertext_sep=\dimen133
)
("C:\Users\MarEichler17\AppData\Local\Programs\MiKTeX 2.9\tex\latex\amsfonts\am
sfonts.sty"
Package: amsfonts 2013/01/14 v3.01 Basic AMSFonts support
\symAMSa=\mathgroup4
\symAMSb=\mathgroup5
LaTeX Font Info:    Overwriting math alphabet `\mathfrak' in version `bold'
(Font)                  U/euf/m/n --> U/euf/b/n on input line 106.
)
("C:\Users\MarEichler17\AppData\Local\Programs\MiKTeX 2.9\tex\latex\amsfonts\am
ssymb.sty"
Package: amssymb 2013/01/14 v3.01 AMS font symbols
)
("C:\Users\MarEichler17\AppData\Local\Programs\MiKTeX 2.9\tex\latex\lastpage\la
stpage.sty"
Package: lastpage 2015/03/29 v1.2m Refers to last page's name (HMM; JPG)
)
("C:\Users\MarEichler17\AppData\Local\Programs\MiKTeX 2.9\tex\latex\enumitem\en
umitem.sty"
Package: enumitem 2011/09/28 v3.5.2 Customized lists
\labelindent=\skip61
\enit@outerparindent=\dimen134
\enit@toks=\toks24
\enit@inbox=\box29
\enitdp@description=\count107
)
("C:\Users\MarEichler17\AppData\Local\Programs\MiKTeX 2.9\tex\latex\preprint\fu
llpage.sty"
Package: fullpage 1999/02/23 1.1 (PWD)
\FP@margin=\skip62
)
("C:\Users\MarEichler17\AppData\Local\Programs\MiKTeX 2.9\tex\latex\ulem\ulem.s
ty"
\UL@box=\box30
\UL@hyphenbox=\box31
\UL@skip=\skip63
\UL@hook=\toks25
\UL@height=\dimen135
\UL@pe=\count108
\UL@pixel=\dimen136
\ULC@box=\box32
Package: ulem 2012/05/18
\ULdepth=\dimen137
)
("C:\Users\MarEichler17\AppData\Local\Programs\MiKTeX 2.9\tex\latex\graphics\gr
aphicx.sty"
Package: graphicx 2017/06/01 v1.1a Enhanced LaTeX Graphics (DPC,SPQR)

("C:\Users\MarEichler17\AppData\Local\Programs\MiKTeX 2.9\tex\latex\graphics\gr
aphics.sty"
Package: graphics 2017/06/25 v1.2c Standard LaTeX Graphics (DPC,SPQR)

("C:\Users\MarEichler17\AppData\Local\Programs\MiKTeX 2.9\tex\latex\graphics\tr
ig.sty"
Package: trig 2016/01/03 v1.10 sin cos tan (DPC)
)
("C:\Users\MarEichler17\AppData\Local\Programs\MiKTeX 2.9\tex\latex\graphics-cf
g\graphics.cfg"
File: graphics.cfg 2016/06/04 v1.11 sample graphics configuration
)
Package graphics Info: Driver file: pdftex.def on input line 99.

("C:\Users\MarEichler17\AppData\Local\Programs\MiKTeX 2.9\tex\latex\graphics-de
f\pdftex.def"
File: pdftex.def 2018/01/08 v1.0l Graphics/color driver for pdftex
))
\Gin@req@height=\dimen138
\Gin@req@width=\dimen139
)
("C:\Users\MarEichler17\AppData\Local\Programs\MiKTeX 2.9\tex\latex\caption\sub
caption.sty"
Package: subcaption 2018/05/01 v1.1-162 Sub-captions (AR)

("C:\Users\MarEichler17\AppData\Local\Programs\MiKTeX 2.9\tex\latex\caption\cap
tion.sty"
Package: caption 2018/10/06 v3.3-154 Customizing captions (AR)

("C:\Users\MarEichler17\AppData\Local\Programs\MiKTeX 2.9\tex\latex\caption\cap
tion3.sty"
Package: caption3 2018/09/12 v1.8c caption3 kernel (AR)
Package caption3 Info: TeX engine: e-TeX on input line 64.
\captionmargin=\dimen140
\captionmargin@=\dimen141
\captionwidth=\dimen142
\caption@tempdima=\dimen143
\caption@indent=\dimen144
\caption@parindent=\dimen145
\caption@hangindent=\dimen146
)
\c@caption@flags=\count109
\c@ContinuedFloat=\count110
)
\c@subfigure=\count111
\c@subtable=\count112
)
("C:\Users\MarEichler17\AppData\Local\Programs\MiKTeX 2.9\tex\latex\xcolor\xcol
or.sty"
Package: xcolor 2016/05/11 v2.12 LaTeX color extensions (UK)

("C:\Users\MarEichler17\AppData\Local\Programs\MiKTeX 2.9\tex\latex\graphics-cf
g\color.cfg"
File: color.cfg 2016/01/02 v1.6 sample color configuration
)
Package xcolor Info: Driver file: pdftex.def on input line 225.
Package xcolor Info: Model `cmy' substituted by `cmy0' on input line 1348.
Package xcolor Info: Model `hsb' substituted by `rgb' on input line 1352.
Package xcolor Info: Model `RGB' extended on input line 1364.
Package xcolor Info: Model `HTML' substituted by `rgb' on input line 1366.
Package xcolor Info: Model `Hsb' substituted by `hsb' on input line 1367.
Package xcolor Info: Model `tHsb' substituted by `hsb' on input line 1368.
Package xcolor Info: Model `HSB' substituted by `hsb' on input line 1369.
Package xcolor Info: Model `Gray' substituted by `gray' on input line 1370.
Package xcolor Info: Model `wave' substituted by `hsb' on input line 1371.

("C:\Users\MarEichler17\AppData\Local\Programs\MiKTeX 2.9\tex\latex\graphics\dv
ipsnam.def"
File: dvipsnam.def 2016/06/17 v3.0m Driver-dependent file (DPC,SPQR)
))
("C:\Users\MarEichler17\AppData\Local\Programs\MiKTeX 2.9\tex\latex\jknappen\ma
thrsfs.sty"
Package: mathrsfs 1996/01/01 Math RSFS package v1.0 (jk)
\symrsfs=\mathgroup6
)
("C:\Users\MarEichler17\AppData\Local\Programs\MiKTeX 2.9\tex\latex\was\upgreek
.sty"
Package: upgreek 2003/02/12 v2.0 (WaS)
Package upgreek Info: Using Euler Roman for upright Greek on input line 31.
\symugrf@m=\mathgroup7
LaTeX Font Info:    Overwriting symbol font `ugrf@m' in version `bold'
(Font)                  U/eur/m/n --> U/eur/b/n on input line 38.
)
("C:\Users\MarEichler17\AppData\Local\Programs\MiKTeX 2.9\tex\latex\wrapfig\wra
pfig.sty"
\wrapoverhang=\dimen147
\WF@size=\dimen148
\c@WF@wrappedlines=\count113
\WF@box=\box33
\WF@everypar=\toks26
Package: wrapfig 2003/01/31  v 3.6
)
("C:\Users\MarEichler17\AppData\Local\Programs\MiKTeX 2.9\tex\latex\pgf\fronten
dlayer\tikz.sty"
("C:\Users\MarEichler17\AppData\Local\Programs\MiKTeX 2.9\tex\latex\pgf\basicla
yer\pgf.sty"
("C:\Users\MarEichler17\AppData\Local\Programs\MiKTeX 2.9\tex\latex\pgf\utiliti
es\pgfrcs.sty"
("C:\Users\MarEichler17\AppData\Local\Programs\MiKTeX 2.9\tex\generic\pgf\utili
ties\pgfutil-common.tex"
\pgfutil@everybye=\toks27
\pgfutil@tempdima=\dimen149
\pgfutil@tempdimb=\dimen150

("C:\Users\MarEichler17\AppData\Local\Programs\MiKTeX 2.9\tex\generic\pgf\utili
ties\pgfutil-common-lists.tex"))
("C:\Users\MarEichler17\AppData\Local\Programs\MiKTeX 2.9\tex\generic\pgf\utili
ties\pgfutil-latex.def"
\pgfutil@abb=\box34

("C:\Users\MarEichler17\AppData\Local\Programs\MiKTeX 2.9\tex\latex\ms\everyshi
.sty"
Package: everyshi 2001/05/15 v3.00 EveryShipout Package (MS)
))
("C:\Users\MarEichler17\AppData\Local\Programs\MiKTeX 2.9\tex\generic\pgf\utili
ties\pgfrcs.code.tex"
("C:\Users\MarEichler17\AppData\Local\Programs\MiKTeX 2.9\tex\generic\pgf\pgf.r
evision.tex")
Package: pgfrcs 2019/01/05 v3.1 (3.1)
))
Package: pgf 2019/01/05 v3.1 (3.1)

("C:\Users\MarEichler17\AppData\Local\Programs\MiKTeX 2.9\tex\latex\pgf\basicla
yer\pgfcore.sty"
("C:\Users\MarEichler17\AppData\Local\Programs\MiKTeX 2.9\tex\latex\pgf\systeml
ayer\pgfsys.sty"
("C:\Users\MarEichler17\AppData\Local\Programs\MiKTeX 2.9\tex\generic\pgf\syste
mlayer\pgfsys.code.tex"
Package: pgfsys 2019/01/05 v3.1 (3.1)

("C:\Users\MarEichler17\AppData\Local\Programs\MiKTeX 2.9\tex\generic\pgf\utili
ties\pgfkeys.code.tex"
\pgfkeys@pathtoks=\toks28
\pgfkeys@temptoks=\toks29

("C:\Users\MarEichler17\AppData\Local\Programs\MiKTeX 2.9\tex\generic\pgf\utili
ties\pgfkeysfiltered.code.tex"
\pgfkeys@tmptoks=\toks30
))
\pgf@x=\dimen151
\pgf@y=\dimen152
\pgf@xa=\dimen153
\pgf@ya=\dimen154
\pgf@xb=\dimen155
\pgf@yb=\dimen156
\pgf@xc=\dimen157
\pgf@yc=\dimen158
\w@pgf@writea=\write3
\r@pgf@reada=\read1
\c@pgf@counta=\count114
\c@pgf@countb=\count115
\c@pgf@countc=\count116
\c@pgf@countd=\count117
\t@pgf@toka=\toks31
\t@pgf@tokb=\toks32
\t@pgf@tokc=\toks33
\pgf@sys@id@count=\count118

("C:\Users\MarEichler17\AppData\Local\Programs\MiKTeX 2.9\tex\generic\pgf\syste
mlayer\pgf.cfg"
File: pgf.cfg 2019/01/05 v3.1 (3.1)
)
Driver file for pgf: pgfsys-pdftex.def

("C:\Users\MarEichler17\AppData\Local\Programs\MiKTeX 2.9\tex\generic\pgf\syste
mlayer\pgfsys-pdftex.def"
File: pgfsys-pdftex.def 2019/01/05 v3.1 (3.1)

("C:\Users\MarEichler17\AppData\Local\Programs\MiKTeX 2.9\tex\generic\pgf\syste
mlayer\pgfsys-common-pdf.def"
File: pgfsys-common-pdf.def 2019/01/05 v3.1 (3.1)
)))
("C:\Users\MarEichler17\AppData\Local\Programs\MiKTeX 2.9\tex\generic\pgf\syste
mlayer\pgfsyssoftpath.code.tex"
File: pgfsyssoftpath.code.tex 2019/01/05 v3.1 (3.1)
\pgfsyssoftpath@smallbuffer@items=\count119
\pgfsyssoftpath@bigbuffer@items=\count120
)
("C:\Users\MarEichler17\AppData\Local\Programs\MiKTeX 2.9\tex\generic\pgf\syste
mlayer\pgfsysprotocol.code.tex"
File: pgfsysprotocol.code.tex 2019/01/05 v3.1 (3.1)
))
("C:\Users\MarEichler17\AppData\Local\Programs\MiKTeX 2.9\tex\generic\pgf\basic
layer\pgfcore.code.tex"
Package: pgfcore 2019/01/05 v3.1 (3.1)

("C:\Users\MarEichler17\AppData\Local\Programs\MiKTeX 2.9\tex\generic\pgf\math\
pgfmath.code.tex"
("C:\Users\MarEichler17\AppData\Local\Programs\MiKTeX 2.9\tex\generic\pgf\math\
pgfmathcalc.code.tex"
("C:\Users\MarEichler17\AppData\Local\Programs\MiKTeX 2.9\tex\generic\pgf\math\
pgfmathutil.code.tex")
("C:\Users\MarEichler17\AppData\Local\Programs\MiKTeX 2.9\tex\generic\pgf\math\
pgfmathparser.code.tex"
\pgfmath@dimen=\dimen159
\pgfmath@count=\count121
\pgfmath@box=\box35
\pgfmath@toks=\toks34
\pgfmath@stack@operand=\toks35
\pgfmath@stack@operation=\toks36
)
("C:\Users\MarEichler17\AppData\Local\Programs\MiKTeX 2.9\tex\generic\pgf\math\
pgfmathfunctions.code.tex"
("C:\Users\MarEichler17\AppData\Local\Programs\MiKTeX 2.9\tex\generic\pgf\math\
pgfmathfunctions.basic.code.tex")
("C:\Users\MarEichler17\AppData\Local\Programs\MiKTeX 2.9\tex\generic\pgf\math\
pgfmathfunctions.trigonometric.code.tex")
("C:\Users\MarEichler17\AppData\Local\Programs\MiKTeX 2.9\tex\generic\pgf\math\
pgfmathfunctions.random.code.tex")
("C:\Users\MarEichler17\AppData\Local\Programs\MiKTeX 2.9\tex\generic\pgf\math\
pgfmathfunctions.comparison.code.tex")
("C:\Users\MarEichler17\AppData\Local\Programs\MiKTeX 2.9\tex\generic\pgf\math\
pgfmathfunctions.base.code.tex")
("C:\Users\MarEichler17\AppData\Local\Programs\MiKTeX 2.9\tex\generic\pgf\math\
pgfmathfunctions.round.code.tex")
("C:\Users\MarEichler17\AppData\Local\Programs\MiKTeX 2.9\tex\generic\pgf\math\
pgfmathfunctions.misc.code.tex")
("C:\Users\MarEichler17\AppData\Local\Programs\MiKTeX 2.9\tex\generic\pgf\math\
pgfmathfunctions.integerarithmetics.code.tex")))
("C:\Users\MarEichler17\AppData\Local\Programs\MiKTeX 2.9\tex\generic\pgf\math\
pgfmathfloat.code.tex"
\c@pgfmathroundto@lastzeros=\count122
))
("C:\Users\MarEichler17\AppData\Local\Programs\MiKTeX 2.9\tex\generic\pgf\basic
layer\pgfcorepoints.code.tex"
File: pgfcorepoints.code.tex 2019/01/05 v3.1 (3.1)
\pgf@picminx=\dimen160
\pgf@picmaxx=\dimen161
\pgf@picminy=\dimen162
\pgf@picmaxy=\dimen163
\pgf@pathminx=\dimen164
\pgf@pathmaxx=\dimen165
\pgf@pathminy=\dimen166
\pgf@pathmaxy=\dimen167
\pgf@xx=\dimen168
\pgf@xy=\dimen169
\pgf@yx=\dimen170
\pgf@yy=\dimen171
\pgf@zx=\dimen172
\pgf@zy=\dimen173
)
("C:\Users\MarEichler17\AppData\Local\Programs\MiKTeX 2.9\tex\generic\pgf\basic
layer\pgfcorepathconstruct.code.tex"
File: pgfcorepathconstruct.code.tex 2019/01/05 v3.1 (3.1)
\pgf@path@lastx=\dimen174
\pgf@path@lasty=\dimen175
)
("C:\Users\MarEichler17\AppData\Local\Programs\MiKTeX 2.9\tex\generic\pgf\basic
layer\pgfcorepathusage.code.tex"
File: pgfcorepathusage.code.tex 2019/01/05 v3.1 (3.1)
\pgf@shorten@end@additional=\dimen176
\pgf@shorten@start@additional=\dimen177
)
("C:\Users\MarEichler17\AppData\Local\Programs\MiKTeX 2.9\tex\generic\pgf\basic
layer\pgfcorescopes.code.tex"
File: pgfcorescopes.code.tex 2019/01/05 v3.1 (3.1)
\pgfpic=\box36
\pgf@hbox=\box37
\pgf@layerbox@main=\box38
\pgf@picture@serial@count=\count123
)
("C:\Users\MarEichler17\AppData\Local\Programs\MiKTeX 2.9\tex\generic\pgf\basic
layer\pgfcoregraphicstate.code.tex"
File: pgfcoregraphicstate.code.tex 2019/01/05 v3.1 (3.1)
\pgflinewidth=\dimen178
)
("C:\Users\MarEichler17\AppData\Local\Programs\MiKTeX 2.9\tex\generic\pgf\basic
layer\pgfcoretransformations.code.tex"
File: pgfcoretransformations.code.tex 2019/01/05 v3.1 (3.1)
\pgf@pt@x=\dimen179
\pgf@pt@y=\dimen180
\pgf@pt@temp=\dimen181
)
("C:\Users\MarEichler17\AppData\Local\Programs\MiKTeX 2.9\tex\generic\pgf\basic
layer\pgfcorequick.code.tex"
File: pgfcorequick.code.tex 2019/01/05 v3.1 (3.1)
)
("C:\Users\MarEichler17\AppData\Local\Programs\MiKTeX 2.9\tex\generic\pgf\basic
layer\pgfcoreobjects.code.tex"
File: pgfcoreobjects.code.tex 2019/01/05 v3.1 (3.1)
)
("C:\Users\MarEichler17\AppData\Local\Programs\MiKTeX 2.9\tex\generic\pgf\basic
layer\pgfcorepathprocessing.code.tex"
File: pgfcorepathprocessing.code.tex 2019/01/05 v3.1 (3.1)
)
("C:\Users\MarEichler17\AppData\Local\Programs\MiKTeX 2.9\tex\generic\pgf\basic
layer\pgfcorearrows.code.tex"
File: pgfcorearrows.code.tex 2019/01/05 v3.1 (3.1)
\pgfarrowsep=\dimen182
)
("C:\Users\MarEichler17\AppData\Local\Programs\MiKTeX 2.9\tex\generic\pgf\basic
layer\pgfcoreshade.code.tex"
File: pgfcoreshade.code.tex 2019/01/05 v3.1 (3.1)
\pgf@max=\dimen183
\pgf@sys@shading@range@num=\count124
)
("C:\Users\MarEichler17\AppData\Local\Programs\MiKTeX 2.9\tex\generic\pgf\basic
layer\pgfcoreimage.code.tex"
File: pgfcoreimage.code.tex 2019/01/05 v3.1 (3.1)

("C:\Users\MarEichler17\AppData\Local\Programs\MiKTeX 2.9\tex\generic\pgf\basic
layer\pgfcoreexternal.code.tex"
File: pgfcoreexternal.code.tex 2019/01/05 v3.1 (3.1)
\pgfexternal@startupbox=\box39
))
("C:\Users\MarEichler17\AppData\Local\Programs\MiKTeX 2.9\tex\generic\pgf\basic
layer\pgfcorelayers.code.tex"
File: pgfcorelayers.code.tex 2019/01/05 v3.1 (3.1)
)
("C:\Users\MarEichler17\AppData\Local\Programs\MiKTeX 2.9\tex\generic\pgf\basic
layer\pgfcoretransparency.code.tex"
File: pgfcoretransparency.code.tex 2019/01/05 v3.1 (3.1)
)
("C:\Users\MarEichler17\AppData\Local\Programs\MiKTeX 2.9\tex\generic\pgf\basic
layer\pgfcorepatterns.code.tex"
File: pgfcorepatterns.code.tex 2019/01/05 v3.1 (3.1)
)
("C:\Users\MarEichler17\AppData\Local\Programs\MiKTeX 2.9\tex\generic\pgf\basic
layer\pgfcorerdf.code.tex"
File: pgfcorerdf.code.tex 2019/01/05 v3.1 (3.1)
)))
("C:\Users\MarEichler17\AppData\Local\Programs\MiKTeX 2.9\tex\generic\pgf\modul
es\pgfmoduleshapes.code.tex"
File: pgfmoduleshapes.code.tex 2019/01/05 v3.1 (3.1)
\pgfnodeparttextbox=\box40
)
("C:\Users\MarEichler17\AppData\Local\Programs\MiKTeX 2.9\tex\generic\pgf\modul
es\pgfmoduleplot.code.tex"
File: pgfmoduleplot.code.tex 2019/01/05 v3.1 (3.1)
)
("C:\Users\MarEichler17\AppData\Local\Programs\MiKTeX 2.9\tex\latex\pgf\compati
bility\pgfcomp-version-0-65.sty"
Package: pgfcomp-version-0-65 2019/01/05 v3.1 (3.1)
\pgf@nodesepstart=\dimen184
\pgf@nodesepend=\dimen185
)
("C:\Users\MarEichler17\AppData\Local\Programs\MiKTeX 2.9\tex\latex\pgf\compati
bility\pgfcomp-version-1-18.sty"
Package: pgfcomp-version-1-18 2019/01/05 v3.1 (3.1)
))
("C:\Users\MarEichler17\AppData\Local\Programs\MiKTeX 2.9\tex\latex\pgf\utiliti
es\pgffor.sty"
("C:\Users\MarEichler17\AppData\Local\Programs\MiKTeX 2.9\tex\latex\pgf\utiliti
es\pgfkeys.sty"
("C:\Users\MarEichler17\AppData\Local\Programs\MiKTeX 2.9\tex\generic\pgf\utili
ties\pgfkeys.code.tex"))
("C:\Users\MarEichler17\AppData\Local\Programs\MiKTeX 2.9\tex\latex\pgf\math\pg
fmath.sty"
("C:\Users\MarEichler17\AppData\Local\Programs\MiKTeX 2.9\tex\generic\pgf\math\
pgfmath.code.tex"))
("C:\Users\MarEichler17\AppData\Local\Programs\MiKTeX 2.9\tex\generic\pgf\utili
ties\pgffor.code.tex"
Package: pgffor 2019/01/05 v3.1 (3.1)

("C:\Users\MarEichler17\AppData\Local\Programs\MiKTeX 2.9\tex\generic\pgf\math\
pgfmath.code.tex")
\pgffor@iter=\dimen186
\pgffor@skip=\dimen187
\pgffor@stack=\toks37
\pgffor@toks=\toks38
))
("C:\Users\MarEichler17\AppData\Local\Programs\MiKTeX 2.9\tex\generic\pgf\front
endlayer\tikz\tikz.code.tex"
Package: tikz 2019/01/05 v3.1 (3.1)

("C:\Users\MarEichler17\AppData\Local\Programs\MiKTeX 2.9\tex\generic\pgf\libra
ries\pgflibraryplothandlers.code.tex"
File: pgflibraryplothandlers.code.tex 2019/01/05 v3.1 (3.1)
\pgf@plot@mark@count=\count125
\pgfplotmarksize=\dimen188
)
\tikz@lastx=\dimen189
\tikz@lasty=\dimen190
\tikz@lastxsaved=\dimen191
\tikz@lastysaved=\dimen192
\tikzleveldistance=\dimen193
\tikzsiblingdistance=\dimen194
\tikz@figbox=\box41
\tikz@figbox@bg=\box42
\tikz@tempbox=\box43
\tikz@tempbox@bg=\box44
\tikztreelevel=\count126
\tikznumberofchildren=\count127
\tikznumberofcurrentchild=\count128
\tikz@fig@count=\count129

("C:\Users\MarEichler17\AppData\Local\Programs\MiKTeX 2.9\tex\generic\pgf\modul
es\pgfmodulematrix.code.tex"
File: pgfmodulematrix.code.tex 2019/01/05 v3.1 (3.1)
\pgfmatrixcurrentrow=\count130
\pgfmatrixcurrentcolumn=\count131
\pgf@matrix@numberofcolumns=\count132
)
\tikz@expandcount=\count133

("C:\Users\MarEichler17\AppData\Local\Programs\MiKTeX 2.9\tex\generic\pgf\front
endlayer\tikz\libraries\tikzlibrarytopaths.code.tex"
File: tikzlibrarytopaths.code.tex 2019/01/05 v3.1 (3.1)
)))
("C:\Users\MarEichler17\AppData\Local\Programs\MiKTeX 2.9\tex\latex\booktabs\bo
oktabs.sty"
Package: booktabs 2005/04/14 v1.61803 publication quality tables
\heavyrulewidth=\dimen195
\lightrulewidth=\dimen196
\cmidrulewidth=\dimen197
\belowrulesep=\dimen198
\belowbottomsep=\dimen199
\aboverulesep=\dimen256
\abovetopsep=\dimen257
\cmidrulesep=\dimen258
\cmidrulekern=\dimen259
\defaultaddspace=\dimen260
\@cmidla=\count134
\@cmidlb=\count135
\@aboverulesep=\dimen261
\@belowrulesep=\dimen262
\@thisruleclass=\count136
\@lastruleclass=\count137
\@thisrulewidth=\dimen263
)
("C:\Users\MarEichler17\AppData\Local\Programs\MiKTeX 2.9\tex\latex\parskip\par
skip.sty"
Package: parskip 2018-08-24 v2.0a non-zero parskip adjustments

("C:\Users\MarEichler17\AppData\Local\Programs\MiKTeX 2.9\tex\latex\oberdiek\kv
options.sty"
Package: kvoptions 2016/05/16 v3.12 Key value format for package options (HO)

("C:\Users\MarEichler17\AppData\Local\Programs\MiKTeX 2.9\tex\generic\oberdiek\
ltxcmds.sty"
Package: ltxcmds 2016/05/16 v1.23 LaTeX kernel commands for general use (HO)
)
("C:\Users\MarEichler17\AppData\Local\Programs\MiKTeX 2.9\tex\generic\oberdiek\
kvsetkeys.sty"
Package: kvsetkeys 2016/05/16 v1.17 Key value parser (HO)

("C:\Users\MarEichler17\AppData\Local\Programs\MiKTeX 2.9\tex\generic\oberdiek\
infwarerr.sty"
Package: infwarerr 2016/05/16 v1.4 Providing info/warning/error messages (HO)
)
("C:\Users\MarEichler17\AppData\Local\Programs\MiKTeX 2.9\tex\generic\oberdiek\
etexcmds.sty"
Package: etexcmds 2016/05/16 v1.6 Avoid name clashes with e-TeX commands (HO)

("C:\Users\MarEichler17\AppData\Local\Programs\MiKTeX 2.9\tex\generic\oberdiek\
ifluatex.sty"
Package: ifluatex 2016/05/16 v1.4 Provides the ifluatex switch (HO)
Package ifluatex Info: LuaTeX not detected.
)
Package etexcmds Info: Could not find \expanded.
(etexcmds)             That can mean that you are not using pdfTeX 1.50 or
(etexcmds)             that some package has redefined \expanded.
(etexcmds)             In the latter case, load this package earlier.
)))
("C:\Users\MarEichler17\AppData\Local\Programs\MiKTeX 2.9\tex\latex\etoolbox\et
oolbox.sty"
Package: etoolbox 2018/08/19 v2.5f e-TeX tools for LaTeX (JAW)
\etb@tempcnta=\count138
))
("C:\Users\MarEichler17\AppData\Local\Programs\MiKTeX 2.9\tex\latex\bbm\bbm.sty
"
Package: bbm 1999/03/15 V 1.2 provides fonts for set symbols - TH
LaTeX Font Info:    Overwriting math alphabet `\mathbbm' in version `bold'
(Font)                  U/bbm/m/n --> U/bbm/bx/n on input line 33.
LaTeX Font Info:    Overwriting math alphabet `\mathbbmss' in version `bold'
(Font)                  U/bbmss/m/n --> U/bbmss/bx/n on input line 35.
)
("C:\Users\MarEichler17\AppData\Local\Programs\MiKTeX 2.9\tex\latex\oberdiek\ce
nternot.sty"
Package: centernot 2016/05/16 v1.4 Centers the not symbol horizontally (HO)
)
("C:\Users\MarEichler17\AppData\Local\Programs\MiKTeX 2.9\tex\latex\tools\multi
col.sty"
Package: multicol 2018/04/20 v1.8s multicolumn formatting (FMi)
\c@tracingmulticols=\count139
\mult@box=\box45
\multicol@leftmargin=\dimen264
\c@unbalance=\count140
\c@collectmore=\count141
\doublecol@number=\count142
\multicoltolerance=\count143
\multicolpretolerance=\count144
\full@width=\dimen265
\page@free=\dimen266
\premulticols=\dimen267
\postmulticols=\dimen268
\multicolsep=\skip64
\multicolbaselineskip=\skip65
\partial@page=\box46
\last@line=\box47
\maxbalancingoverflow=\dimen269
\mult@rightbox=\box48
\mult@grightbox=\box49
\mult@gfirstbox=\box50
\mult@firstbox=\box51
\@tempa=\box52
\@tempa=\box53
\@tempa=\box54
\@tempa=\box55
\@tempa=\box56
\@tempa=\box57
\@tempa=\box58
\@tempa=\box59
\@tempa=\box60
\@tempa=\box61
\@tempa=\box62
\@tempa=\box63
\@tempa=\box64
\@tempa=\box65
\@tempa=\box66
\@tempa=\box67
\@tempa=\box68
\c@columnbadness=\count145
\c@finalcolumnbadness=\count146
\last@try=\dimen270
\multicolovershoot=\dimen271
\multicolundershoot=\dimen272
\mult@nat@firstbox=\box69
\colbreak@box=\box70
\mc@col@check@num=\count147
)
("C:\Users\MarEichler17\AppData\Local\Programs\MiKTeX 2.9\tex\latex\multirow\mu
ltirow.sty"
Package: multirow 2018/08/03 v2.3 Span multiple rows of a table
\multirow@colwidth=\skip66
\multirow@cntb=\count148
\multirow@dima=\skip67
\bigstrutjot=\dimen273
)
("C:\Users\MarEichler17\AppData\Local\Programs\MiKTeX 2.9\tex\latex\amsfonts\eu
script.sty"
Package: euscript 2009/06/22 v3.00 Euler Script fonts
LaTeX Font Info:    Overwriting math alphabet `\EuScript' in version `bold'
(Font)                  U/eus/m/n --> U/eus/b/n on input line 33.
)
("C:\Users\MarEichler17\AppData\Local\Programs\MiKTeX 2.9\tex\latex\footmisc\fo
otmisc.sty"
Package: footmisc 2011/06/06 v5.5b a miscellany of footnote facilities
\FN@temptoken=\toks39
\footnotemargin=\dimen274
\c@pp@next@reset=\count149
Package footmisc Info: Declaring symbol style bringhurst on input line 855.
Package footmisc Info: Declaring symbol style chicago on input line 863.
Package footmisc Info: Declaring symbol style wiley on input line 872.
Package footmisc Info: Declaring symbol style lamport-robust on input line 883.

Package footmisc Info: Declaring symbol style lamport* on input line 903.
Package footmisc Info: Declaring symbol style lamport*-robust on input line 924
.
)
("C:\Users\MarEichler17\AppData\Local\Programs\MiKTeX 2.9\tex\latex\tools\array
.sty"
Package: array 2018/04/30 v2.4h Tabular extension package (FMi)
\col@sep=\dimen275
\ar@mcellbox=\box71
\extrarowheight=\dimen276
\NC@list=\toks40
\extratabsurround=\skip68
\backup@length=\skip69
\ar@cellbox=\box72
)
("C:\Users\MarEichler17\AppData\Local\Programs\MiKTeX 2.9\tex\latex\units\units
.sty"
Package: units 1998/08/04 v0.9b Typesetting units

("C:\Users\MarEichler17\AppData\Local\Programs\MiKTeX 2.9\tex\latex\base\ifthen
.sty"
Package: ifthen 2014/09/29 v1.1c Standard LaTeX ifthen package (DPC)
)
("C:\Users\MarEichler17\AppData\Local\Programs\MiKTeX 2.9\tex\latex\units\nicef
rac.sty"
Package: nicefrac 1998/08/04 v0.9b Nice fractions
\L@UnitsRaiseDisplaystyle=\skip70
\L@UnitsRaiseTextstyle=\skip71
\L@UnitsRaiseScriptstyle=\skip72
))
("C:\Users\MarEichler17\AppData\Local\Programs\MiKTeX 2.9\tex\latex\contour\con
tour.sty"
Package: contour 2004/11/18 v2.14 Print contoured text (HH, MH)
\con@length=\skip73

Loading configuration file `contour.cfg'.

("C:\Users\MarEichler17\AppData\Local\Programs\MiKTeX 2.9\tex\latex\contour\con
tour.cfg"
File: contour.cfg 2004/11/18 v2.14 Print contoured text (HH, MH)
)
contour: Using driver file `pdftex.cnt'.

("C:\Users\MarEichler17\AppData\Local\Programs\MiKTeX 2.9\tex\latex\contour\pdf
tex.cnt"
File: pdftex.cnt 2004/11/18 v2.14 Print contoured text (HH, MH)
))
("C:\Users\MarEichler17\AppData\Local\Programs\MiKTeX 2.9\tex\latex\tabu\tabu.s
ty"
Package: tabu 2019/01/11 v2.9 - flexible LaTeX tabulars (FC+tabu-fixed)

("C:\Users\MarEichler17\AppData\Local\Programs\MiKTeX 2.9\tex\latex\varwidth\va
rwidth.sty"
Package: varwidth 2009/03/30 ver 0.92;  Variable-width minipages
\@vwid@box=\box73
\sift@deathcycles=\count150
\@vwid@loff=\dimen277
\@vwid@roff=\dimen278
)
\c@taburow=\count151
\tabu@nbcols=\count152
\tabu@cnt=\count153
\tabu@Xcol=\count154
\tabu@alloc=\count155
\tabu@nested=\count156
\tabu@target=\dimen279
\tabu@spreadtarget=\dimen280
\tabu@naturalX=\dimen281
\tabucolX=\dimen282
\tabu@Xsum=\dimen283
\extrarowdepth=\dimen284
\abovetabulinesep=\dimen285
\belowtabulinesep=\dimen286
\tabustrutrule=\dimen287
\tabu@thebody=\toks41
\tabu@footnotes=\toks42
\tabu@box=\box74
\tabu@arstrutbox=\box75
\tabu@hleads=\box76
\tabu@vleads=\box77
\tabu@cellskip=\skip74
)
("C:\Users\MarEichler17\AppData\Local\Programs\MiKTeX 2.9\tex\latex\vwcol\vwcol
.sty"
Package: vwcol 2008/06/24 v0.1 Variable-width multicolumn text

("C:\Users\MarEichler17\AppData\Local\Programs\MiKTeX 2.9\tex\latex\environ\env
iron.sty"
Package: environ 2014/05/04 v0.3 A new way to define environments

("C:\Users\MarEichler17\AppData\Local\Programs\MiKTeX 2.9\tex\latex\trimspaces\
trimspaces.sty"
Package: trimspaces 2009/09/17 v1.1 Trim spaces around a token list
))
("C:\Users\MarEichler17\AppData\Local\Programs\MiKTeX 2.9\tex\latex\ms\ragged2e
.sty"
Package: ragged2e 2009/05/21 v2.1 ragged2e Package (MS)

("C:\Users\MarEichler17\AppData\Local\Programs\MiKTeX 2.9\tex\latex\ms\everysel
.sty"
Package: everysel 2011/10/28 v1.2 EverySelectfont Package (MS)
)
\CenteringLeftskip=\skip75
\RaggedLeftLeftskip=\skip76
\RaggedRightLeftskip=\skip77
\CenteringRightskip=\skip78
\RaggedLeftRightskip=\skip79
\RaggedRightRightskip=\skip80
\CenteringParfillskip=\skip81
\RaggedLeftParfillskip=\skip82
\RaggedRightParfillskip=\skip83
\JustifyingParfillskip=\skip84
\CenteringParindent=\skip85
\RaggedLeftParindent=\skip86
\RaggedRightParindent=\skip87
\JustifyingParindent=\skip88
)
\vwcol@sep=\skip89
\vwcol@rule=\skip90
\vwcol@totalwidth=\skip91
\vwcol@averagewidth=\skip92
\vwcol@parindent=\skip93
\vwcol@last=\count157
\vwcol@Ncols=\count158
\vwcol@Nlines=\count159
\vwcol@maxrecursion=\count160
\vwcol@box=\box78
\vwcol@plainbox=\box79
\vwcol@outputbox=\box80
)
("C:\Users\MarEichler17\AppData\Local\Programs\MiKTeX 2.9\tex\latex\soul\soul.s
ty"
Package: soul 2003/11/17 v2.4 letterspacing/underlining (mf)
\SOUL@word=\toks43
\SOUL@lasttoken=\toks44
\SOUL@cmds=\toks45
\SOUL@buffer=\toks46
\SOUL@token=\toks47
\SOUL@spaceskip=\skip94
\SOUL@ttwidth=\dimen288
\SOUL@uldp=\dimen289
\SOUL@ulht=\dimen290
)
("C:\Users\MarEichler17\AppData\Local\Programs\MiKTeX 2.9\tex\latex\extsizes\ex
tsizes.sty"
Package: extsizes 1996/10/08 v1.0 Non Standard LaTeX Package


Package ExtSizes Warning: It is better to use one of the extsizes classes,`if y
ou can.


("C:\Users\MarEichler17\AppData\Local\Programs\MiKTeX 2.9\tex\latex\base\size12
.clo"
File: size12.clo 2014/09/29 v1.4h Standard LaTeX file (size option)
))
("C:\Users\MarEichler17\AppData\Local\Programs\MiKTeX 2.9\tex\latex\overpic\ove
rpic.sty"
Package: overpic 2018/09/02 1.2 picture overlays (RN)

("C:\Users\MarEichler17\AppData\Local\Programs\MiKTeX 2.9\tex\latex\eepic\epic.
sty"
Enhancements to Picture Environment. Version 1.2 - Released June 1, 1986
\@@multicnt=\count161
\d@lta=\count162
\@delta=\dimen291
\@@delta=\dimen292
\@gridcnt=\count163
\@joinkind=\count164
\@dotgap=\dimen293
\@ddotgap=\dimen294
\@x@diff=\count165
\@y@diff=\count166
\x@diff=\dimen295
\y@diff=\dimen296
\@dotbox=\box81
\num@segments=\count167
\num@segmentsi=\count168
\@datafile=\read2
)
\OVP@box=\box82
)
("C:\Users\MarEichler17\AppData\Local\Programs\MiKTeX 2.9\tex\latex\hyperref\hy
perref.sty"
Package: hyperref 2018/09/30 v6.88a Hypertext links for LaTeX

("C:\Users\MarEichler17\AppData\Local\Programs\MiKTeX 2.9\tex\generic\oberdiek\
hobsub-hyperref.sty"
Package: hobsub-hyperref 2016/05/16 v1.14 Bundle oberdiek, subset hyperref (HO)


("C:\Users\MarEichler17\AppData\Local\Programs\MiKTeX 2.9\tex\generic\oberdiek\
hobsub-generic.sty"
Package: hobsub-generic 2016/05/16 v1.14 Bundle oberdiek, subset generic (HO)
Package: hobsub 2016/05/16 v1.14 Construct package bundles (HO)
Package hobsub Info: Skipping package `infwarerr' (already loaded).
Package hobsub Info: Skipping package `ltxcmds' (already loaded).
Package hobsub Info: Skipping package `ifluatex' (already loaded).
Package hobsub Info: Skipping package `ifvtex' (already loaded).
Package: intcalc 2016/05/16 v1.2 Expandable calculations with integers (HO)
Package hobsub Info: Skipping package `ifpdf' (already loaded).
Package hobsub Info: Skipping package `etexcmds' (already loaded).
Package hobsub Info: Skipping package `kvsetkeys' (already loaded).
Package: kvdefinekeys 2016/05/16 v1.4 Define keys (HO)
Package: pdftexcmds 2018/09/10 v0.29 Utility functions of pdfTeX for LuaTeX (HO
)
Package pdftexcmds Info: LuaTeX not detected.
Package pdftexcmds Info: \pdf@primitive is available.
Package pdftexcmds Info: \pdf@ifprimitive is available.
Package pdftexcmds Info: \pdfdraftmode found.
Package: pdfescape 2016/05/16 v1.14 Implements pdfTeX's escape features (HO)
Package: bigintcalc 2016/05/16 v1.4 Expandable calculations on big integers (HO
)
Package: bitset 2016/05/16 v1.2 Handle bit-vector datatype (HO)
Package: uniquecounter 2016/05/16 v1.3 Provide unlimited unique counter (HO)
)
Package hobsub Info: Skipping package `hobsub' (already loaded).
Package: letltxmacro 2016/05/16 v1.5 Let assignment for LaTeX macros (HO)
Package: hopatch 2016/05/16 v1.3 Wrapper for package hooks (HO)
Package: xcolor-patch 2016/05/16 xcolor patch
Package: atveryend 2016/05/16 v1.9 Hooks at the very end of document (HO)
Package: atbegshi 2016/06/09 v1.18 At begin shipout hook (HO)
Package: refcount 2016/05/16 v3.5 Data extraction from label references (HO)
Package: hycolor 2016/05/16 v1.8 Color options for hyperref/bookmark (HO)
)
("C:\Users\MarEichler17\AppData\Local\Programs\MiKTeX 2.9\tex\latex\oberdiek\au
xhook.sty"
Package: auxhook 2016/05/16 v1.4 Hooks for auxiliary files (HO)
)
\@linkdim=\dimen297
\Hy@linkcounter=\count169
\Hy@pagecounter=\count170

("C:\Users\MarEichler17\AppData\Local\Programs\MiKTeX 2.9\tex\latex\hyperref\pd
1enc.def"
File: pd1enc.def 2018/09/30 v6.88a Hyperref: PDFDocEncoding definition (HO)
Now handling font encoding PD1 ...
... no UTF-8 mapping file for font encoding PD1
)
\Hy@SavedSpaceFactor=\count171

("C:\Users\MarEichler17\AppData\Local\Programs\MiKTeX 2.9\tex\latex\00miktex\hy
perref.cfg"
File: hyperref.cfg 2002/06/06 v1.2 hyperref configuration of TeXLive
)
Package hyperref Info: Hyper figures OFF on input line 4535.
Package hyperref Info: Link nesting OFF on input line 4540.
Package hyperref Info: Hyper index ON on input line 4543.
Package hyperref Info: Plain pages OFF on input line 4550.
Package hyperref Info: Backreferencing OFF on input line 4555.
Package hyperref Info: Implicit mode ON; LaTeX internals redefined.
Package hyperref Info: Bookmarks ON on input line 4788.
\c@Hy@tempcnt=\count172

("C:\Users\MarEichler17\AppData\Local\Programs\MiKTeX 2.9\tex\latex\url\url.sty
"
\Urlmuskip=\muskip11
Package: url 2013/09/16  ver 3.4  Verb mode for urls, etc.
)
LaTeX Info: Redefining \url on input line 5141.
\XeTeXLinkMargin=\dimen298
\Fld@menulength=\count173
\Field@Width=\dimen299
\Fld@charsize=\dimen300
Package hyperref Info: Hyper figures OFF on input line 6396.
Package hyperref Info: Link nesting OFF on input line 6401.
Package hyperref Info: Hyper index ON on input line 6404.
Package hyperref Info: backreferencing OFF on input line 6411.
Package hyperref Info: Link coloring OFF on input line 6416.
Package hyperref Info: Link coloring with OCG OFF on input line 6421.
Package hyperref Info: PDF/A mode OFF on input line 6426.
LaTeX Info: Redefining \ref on input line 6466.
LaTeX Info: Redefining \pageref on input line 6470.
\Hy@abspage=\count174
\c@Item=\count175
\c@Hfootnote=\count176
)
Package hyperref Info: Driver (autodetected): hpdftex.

("C:\Users\MarEichler17\AppData\Local\Programs\MiKTeX 2.9\tex\latex\hyperref\hp
dftex.def"
File: hpdftex.def 2018/09/30 v6.88a Hyperref driver for pdfTeX
\Fld@listcount=\count177
\c@bookmark@seq@number=\count178

("C:\Users\MarEichler17\AppData\Local\Programs\MiKTeX 2.9\tex\latex\oberdiek\re
runfilecheck.sty"
Package: rerunfilecheck 2016/05/16 v1.8 Rerun checks for auxiliary files (HO)
Package uniquecounter Info: New unique counter `rerunfilecheck' on input line 2
82.
)
\Hy@SectionHShift=\skip95
)
("C:\Users\MarEichler17\AppData\Local\Programs\MiKTeX 2.9\tex\latex\ncctools\nc
cmath.sty"
Package: nccmath 2006/01/20 v1.3 Additional Math Commands (NCC)
\NCC@fracrulewidth=\dimen301
)
("C:\Users\MarEichler17\AppData\Local\Programs\MiKTeX 2.9\tex\latex\cancel\canc
el.sty"
Package: cancel 2013/04/12 v2.2 Cancel math terms
)
("C:\Users\MarEichler17\AppData\Local\Programs\MiKTeX 2.9\tex\latex\listings\li
stings.sty"
\lst@mode=\count179
\lst@gtempboxa=\box83
\lst@token=\toks48
\lst@length=\count180
\lst@currlwidth=\dimen302
\lst@column=\count181
\lst@pos=\count182
\lst@lostspace=\dimen303
\lst@width=\dimen304
\lst@newlines=\count183
\lst@lineno=\count184
\lst@maxwidth=\dimen305

("C:\Users\MarEichler17\AppData\Local\Programs\MiKTeX 2.9\tex\latex\listings\ls
tmisc.sty"
File: lstmisc.sty 2019/02/27 1.8b (Carsten Heinz)
\c@lstnumber=\count185
\lst@skipnumbers=\count186
\lst@framebox=\box84
)
("C:\Users\MarEichler17\AppData\Local\Programs\MiKTeX 2.9\tex\latex\listings\li
stings.cfg"
File: listings.cfg 2019/02/27 1.8b listings configuration
))
Package: listings 2019/02/27 1.8b (Carsten Heinz)

("C:\Users\MarEichler17\AppData\Local\Programs\MiKTeX 2.9\tex\latex\paracol\par
acol.sty"
Package: paracol 2018/12/31 v1.35 
\pcol@currcol=\count187
\pcol@nextcol=\count188
\pcol@ncol=\count189
\pcol@ncolleft=\count190
\pcol@page=\count191
\pcol@basepage=\count192
\pcol@toppage=\count193
\pcol@footnotebase=\count194
\pcol@nfootnotes=\count195
\pcol@mcid=\count196
\pcol@prevdepth=\dimen306
\pcol@colht=\dimen307
\pcol@textfloatsep=\dimen308
\pcol@lrmargin=\dimen309
\pagerim=\dimen310
\pcol@topskip=\skip96
\belowfootnoteskip=\skip97
\pcol@topfnotes=\box85
\pcol@prespan=\box86
\pcol@rightpage=\box87
\pcol@colorstack@saved=\box88
\pcol@tempboxa=\box89
\pcol@tempboxb=\box90
\pcol@colorins=\insert252
\pcol@everyvbox=\toks49
)
("C:\Users\MarEichler17\AppData\Local\Programs\MiKTeX 2.9\tex\latex\lipsum\lips
um.sty"
Package: lipsum 2014/07/27 v1.3 150 paragraphs of Lorem Ipsum dummy text
\c@lips@count=\count197
)
\tindent=\skip98
)
(C:/Users/MarEichler17/Documents/MYE-Documents/Coding/TeX/lstlisting-TeX.tex
("C:\Users\MarEichler17\AppData\Local\Programs\MiKTeX 2.9\tex\latex\listings\ls
tlang1.sty"
File: lstlang1.sty 2019/02/27 1.8b listings language file
)
("C:\Users\MarEichler17\AppData\Local\Programs\MiKTeX 2.9\tex\latex\listings\ls
tlang2.sty"
File: lstlang2.sty 2019/02/27 1.8b listings language file
)
("C:\Users\MarEichler17\AppData\Local\Programs\MiKTeX 2.9\tex\latex\listings\ls
tlang3.sty"
File: lstlang3.sty 2019/02/27 1.8b listings language file
)
("C:\Users\MarEichler17\AppData\Local\Programs\MiKTeX 2.9\tex\latex\listings\ls
tlang1.sty"
File: lstlang1.sty 2019/02/27 1.8b listings language file
)
("C:\Users\MarEichler17\AppData\Local\Programs\MiKTeX 2.9\tex\latex\listings\ls
tlang2.sty"
File: lstlang2.sty 2019/02/27 1.8b listings language file
)
("C:\Users\MarEichler17\AppData\Local\Programs\MiKTeX 2.9\tex\latex\listings\ls
tlang3.sty"
File: lstlang3.sty 2019/02/27 1.8b listings language file
)
("C:\Users\MarEichler17\AppData\Local\Programs\MiKTeX 2.9\tex\latex\listings\ls
tlang1.sty"
File: lstlang1.sty 2019/02/27 1.8b listings language file
)
("C:\Users\MarEichler17\AppData\Local\Programs\MiKTeX 2.9\tex\latex\listings\ls
tlang2.sty"
File: lstlang2.sty 2019/02/27 1.8b listings language file
)
("C:\Users\MarEichler17\AppData\Local\Programs\MiKTeX 2.9\tex\latex\listings\ls
tlang3.sty"
File: lstlang3.sty 2019/02/27 1.8b listings language file
)
("C:\Users\MarEichler17\AppData\Local\Programs\MiKTeX 2.9\tex\latex\listings\ls
tmisc.sty"
File: lstmisc.sty 2019/02/27 1.8b (Carsten Heinz)
))
("C:\Users\MarEichler17\AppData\Local\Programs\MiKTeX 2.9\tex\latex\setspace\se
tspace.sty"
Package: setspace 2011/12/19 v6.7a set line spacing
) (Lists.aux)
\openout1 = `Lists.aux'.

LaTeX Font Info:    Checking defaults for OML/cmm/m/it on input line 33.
LaTeX Font Info:    ... okay on input line 33.
LaTeX Font Info:    Checking defaults for T1/cmr/m/n on input line 33.
LaTeX Font Info:    ... okay on input line 33.
LaTeX Font Info:    Checking defaults for OT1/cmr/m/n on input line 33.
LaTeX Font Info:    ... okay on input line 33.
LaTeX Font Info:    Checking defaults for OMS/cmsy/m/n on input line 33.
LaTeX Font Info:    ... okay on input line 33.
LaTeX Font Info:    Checking defaults for OMX/cmex/m/n on input line 33.
LaTeX Font Info:    ... okay on input line 33.
LaTeX Font Info:    Checking defaults for U/cmr/m/n on input line 33.
LaTeX Font Info:    ... okay on input line 33.
LaTeX Font Info:    Checking defaults for PD1/pdf/m/n on input line 33.
LaTeX Font Info:    ... okay on input line 33.

*geometry* driver: auto-detecting
*geometry* detected driver: pdftex
*geometry* verbose mode - [ preamble ] result:
* driver: pdftex
* paper: letterpaper
* layout: <same size as paper>
* layoutoffset:(h,v)=(0.0pt,0.0pt)
* modes: 
* h-part:(L,W,R)=(54.2025pt, 505.89pt, 54.2025pt)
* v-part:(T,H,B)=(79.49744pt, 643.20256pt, 72.26999pt)
* \paperwidth=614.295pt
* \paperheight=794.96999pt
* \textwidth=505.89pt
* \textheight=643.20256pt
* \oddsidemargin=-18.06749pt
* \evensidemargin=-18.06749pt
* \topmargin=-29.77255pt
* \headheight=12.0pt
* \headsep=15.0pt
* \topskip=12.0pt
* \footskip=30.0pt
* \marginparwidth=44.0pt
* \marginparsep=10.0pt
* \columnsep=10.0pt
* \skip\footins=10.8pt plus 4.0pt minus 2.0pt
* \hoffset=0.0pt
* \voffset=0.0pt
* \mag=1000
* \@twocolumnfalse
* \@twosidefalse
* \@mparswitchfalse
* \@reversemarginfalse
* (1in=72.27pt=25.4mm, 1cm=28.453pt)

Package lastpage Info: Please have a look at the pageslts package at
(lastpage)             https://www.ctan.org/pkg/pageslts
(lastpage)             ! on input line 33.

("C:\Users\MarEichler17\AppData\Local\Programs\MiKTeX 2.9\tex\context\base\supp
-pdf.mkii"
[Loading MPS to PDF converter (version 2006.09.02).]
\scratchcounter=\count198
\scratchdimen=\dimen311
\scratchbox=\box91
\nofMPsegments=\count199
\nofMParguments=\count266
\everyMPshowfont=\toks50
\MPscratchCnt=\count267
\MPscratchDim=\dimen312
\MPnumerator=\count268
\makeMPintoPDFobject=\count269
\everyMPtoPDFconversion=\toks51
)
("C:\Users\MarEichler17\AppData\Local\Programs\MiKTeX 2.9\tex\latex\oberdiek\ep
stopdf-base.sty"
Package: epstopdf-base 2016/05/15 v2.6 Base part for package epstopdf

("C:\Users\MarEichler17\AppData\Local\Programs\MiKTeX 2.9\tex\latex\oberdiek\gr
fext.sty"
Package: grfext 2016/05/16 v1.2 Manage graphics extensions (HO)
)
Package epstopdf-base Info: Redefining graphics rule for `.eps' on input line 4
38.
Package grfext Info: Graphics extension search list:
(grfext)             [.pdf,.png,.jpg,.mps,.jpeg,.jbig2,.jb2,.PDF,.PNG,.JPG,.JPE
G,.JBIG2,.JB2,.eps]
(grfext)             \AppendGraphicsExtensions on input line 456.
)
Package caption Info: Begin \AtBeginDocument code.
Package caption Info: hyperref package is loaded.
Package caption Info: listings package is loaded.
Package caption Info: wrapfig package is loaded.
Package caption Info: End \AtBeginDocument code.
 ABD: EveryShipout initializing macros
ABD: EverySelectfont initializing macros
LaTeX Info: Redefining \selectfont on input line 33.
\AtBeginShipoutBox=\box92
Package hyperref Info: Link coloring OFF on input line 33.

("C:\Users\MarEichler17\AppData\Local\Programs\MiKTeX 2.9\tex\latex\hyperref\na
meref.sty"
Package: nameref 2016/05/21 v2.44 Cross-referencing by name of section

("C:\Users\MarEichler17\AppData\Local\Programs\MiKTeX 2.9\tex\generic\oberdiek\
gettitlestring.sty"
Package: gettitlestring 2016/05/16 v1.5 Cleanup title references (HO)
)
\c@section@level=\count270
)
LaTeX Info: Redefining \ref on input line 33.
LaTeX Info: Redefining \pageref on input line 33.
LaTeX Info: Redefining \nameref on input line 33.
 (Lists.out) (Lists.out)
\@outlinefile=\write4
\openout4 = `Lists.out'.

\c@lstlisting=\count271
LaTeX Font Info:    Try loading font information for U+msa on input line 38.

("C:\Users\MarEichler17\AppData\Local\Programs\MiKTeX 2.9\tex\latex\amsfonts\um
sa.fd"
File: umsa.fd 2013/01/14 v3.01 AMS symbols A
)
LaTeX Font Info:    Try loading font information for U+msb on input line 38.

("C:\Users\MarEichler17\AppData\Local\Programs\MiKTeX 2.9\tex\latex\amsfonts\um
sb.fd"
File: umsb.fd 2013/01/14 v3.01 AMS symbols B
)
LaTeX Font Info:    Try loading font information for U+rsfs on input line 38.

("C:\Users\MarEichler17\AppData\Local\Programs\MiKTeX 2.9\tex\latex\jknappen\ur
sfs.fd"
File: ursfs.fd 1998/03/24 rsfs font definition file (jk)
) [1

{C:/Users/MarEichler17/AppData/Local/MiKTeX/2.9/pdftex/config/pdftex.map}]
LaTeX Font Info:    Try loading font information for OMS+cmr on input line 43.

("C:\Users\MarEichler17\AppData\Local\Programs\MiKTeX 2.9\tex\latex\base\omscmr
.fd"
File: omscmr.fd 2014/09/29 v2.5h Standard LaTeX font definitions
)
LaTeX Font Info:    Font shape `OMS/cmr/m/n' in size <12> not available
(Font)              Font shape `OMS/cmsy/m/n' tried instead on input line 43.
LaTeX Font Info:    Font shape `OT1/cmtt/bx/n' in size <10> not available
(Font)              Font shape `OT1/cmtt/m/n' tried instead on input line 48.


Package Fancyhdr Warning: \headheight is too small (12.0pt): 
 Make it at least 14.49998pt.
 We now make it that large for the rest of the document.
 This may cause the page layout to be inconsistent, however.

[2]

Package Fancyhdr Warning: \headheight is too small (12.0pt): 
 Make it at least 14.49998pt.
 We now make it that large for the rest of the document.
 This may cause the page layout to be inconsistent, however.

[3]
LaTeX Font Info:    Try loading font information for OMS+cmtt on input line 137
.
LaTeX Font Info:    No file OMScmtt.fd. on input line 137.


LaTeX Font Warning: Font shape `OMS/cmtt/m/n' undefined
(Font)              using `OMS/cmsy/m/n' instead
(Font)              for symbol `textbackslash' on input line 137.


AED: lastpage setting LastPage

Package Fancyhdr Warning: \headheight is too small (12.0pt): 
 Make it at least 14.49998pt.
 We now make it that large for the rest of the document.
 This may cause the page layout to be inconsistent, however.

[4]
Package atveryend Info: Empty hook `BeforeClearDocument' on input line 186.
Package atveryend Info: Empty hook `AfterLastShipout' on input line 186.
 (Lists.aux)
Package atveryend Info: Executing hook `AtVeryEndDocument' on input line 186.
Package atveryend Info: Executing hook `AtEndAfterFileList' on input line 186.
Package rerunfilecheck Info: File `Lists.out' has not changed.
(rerunfilecheck)             Checksum: 5D7CDB8AAC0B42E8336C88DE02D91E37;865.


LaTeX Font Warning: Some font shapes were not available, defaults substituted.

 ) 
Here is how much of TeX's memory you used:
 24794 strings out of 492973
 443419 string characters out of 3114791
 851956 words of memory out of 3000000
 28062 multiletter control sequences out of 15000+200000
 10715 words of font info for 43 fonts, out of 3000000 for 9000
 1141 hyphenation exceptions out of 8191
 57i,12n,67p,1196b,1959s stack positions out of 5000i,500n,10000p,200000b,50000s
<C:/Users/MarEichler17/AppData/Local/Programs/MiKTeX 2.9/fonts/type1/public/a
msfonts/cm/cmbx12.pfb><C:/Users/MarEichler17/AppData/Local/Programs/MiKTeX 2.9/
fonts/type1/public/amsfonts/cm/cmr12.pfb><C:/Users/MarEichler17/AppData/Local/P
rograms/MiKTeX 2.9/fonts/type1/public/amsfonts/cm/cmr17.pfb><C:/Users/MarEichle
r17/AppData/Local/Programs/MiKTeX 2.9/fonts/type1/public/amsfonts/cm/cmr6.pfb><
C:/Users/MarEichler17/AppData/Local/Programs/MiKTeX 2.9/fonts/type1/public/amsf
onts/cm/cmsy10.pfb><C:/Users/MarEichler17/AppData/Local/Programs/MiKTeX 2.9/fon
ts/type1/public/amsfonts/cm/cmtt10.pfb><C:/Users/MarEichler17/AppData/Local/Pro
grams/MiKTeX 2.9/fonts/type1/public/amsfonts/cm/cmtt12.pfb>
Output written on Lists.pdf (4 pages, 103212 bytes).
PDF statistics:
 203 PDF objects out of 1000 (max. 8388607)
 87 named destinations out of 1000 (max. 500000)
 125 words of extra memory for PDF output out of 10000 (max. 10000000)

